app/api/auth/firebase-admin.ts(43,61): error TS7053: Element implicitly has an 'any' type because expression of type 'string' can't be used to index type '{ type: string; project_id: string | undefined; private_key_id: string | undefined; private_key: string | undefined; client_email: string | undefined; client_id: string | undefined; auth_uri: string; token_uri: string; auth_provider_x509_cert_url: string; client_x509_cert_url: string | undefined; }'.
  No index signature with a parameter of type 'string' was found on type '{ type: string; project_id: string | undefined; private_key_id: string | undefined; private_key: string | undefined; client_email: string | undefined; client_id: string | undefined; auth_uri: string; token_uri: string; auth_provider_x509_cert_url: string; client_x509_cert_url: string | undefined; }'.
app/api/auth/firebase-admin.ts(50,43): error TS2345: Argument of type '{ type: string; project_id: string | undefined; private_key_id: string | undefined; private_key: string | undefined; client_email: string | undefined; client_id: string | undefined; auth_uri: string; token_uri: string; auth_provider_x509_cert_url: string; client_x509_cert_url: string | undefined; }' is not assignable to parameter of type 'string | ServiceAccount'.
app/api/auth/firebase-admin.ts(68,64): error TS18046: 'error' is of type 'unknown'.
app/api/auth/google/callback/route.ts(2,41): error TS2307: Cannot find module '@/lib/consultation-firebase' or its corresponding type declarations.
components/auth/RoleProtected.tsx(8,29): error TS2307: Cannot find module '@/lib/roles' or its corresponding type declarations.
components/auth/RoleProtected.tsx(19,3): error TS7031: Binding element 'children' implicitly has an 'any' type.
components/auth/RoleProtected.tsx(68,75): error TS2345: Argument of type 'any' is not assignable to parameter of type 'never'.
components/auth/RoleProtected.tsx(70,32): error TS2353: Object literal may only specify known properties, and 'role' does not exist in type '(prevState: null) => null'.
components/auth/signup-form.tsx(13,28): error TS2307: Cannot find module '@/lib/roles' or its corresponding type declarations.
components/ui/calendar.tsx(58,9): error TS2353: Object literal may only specify known properties, and 'IconLeft' does not exist in type 'Partial<CustomComponents>'.
components/ui/chart.tsx(3,36): error TS2307: Cannot find module 'recharts' or its corresponding type declarations.
components/ui/checkbox.tsx(3,36): error TS2307: Cannot find module '@radix-ui/react-checkbox' or its corresponding type declarations.
components/ui/collapsible.tsx(2,39): error TS2307: Cannot find module '@radix-ui/react-collapsible' or its corresponding type declarations.
components/ui/command.tsx(4,45): error TS2307: Cannot find module 'cmdk' or its corresponding type declarations.
components/ui/context-menu.tsx(3,39): error TS2307: Cannot find module '@radix-ui/react-context-menu' or its corresponding type declarations.
components/ui/drawer.tsx(3,43): error TS2307: Cannot find module 'vaul' or its corresponding type declarations.
components/ui/dropdown-menu.tsx(3,40): error TS2307: Cannot find module '@radix-ui/react-dropdown-menu' or its corresponding type declarations.
components/ui/form.tsx(12,8): error TS2307: Cannot find module 'react-hook-form' or its corresponding type declarations.
components/ui/hover-card.tsx(3,37): error TS2307: Cannot find module '@radix-ui/react-hover-card' or its corresponding type declarations.
components/ui/input-otp.tsx(3,43): error TS2307: Cannot find module 'input-otp' or its corresponding type declarations.
components/ui/input-otp.tsx(37,44): error TS18046: 'inputOTPContext' is of type 'unknown'.
components/ui/menubar.tsx(3,35): error TS2307: Cannot find module '@radix-ui/react-menubar' or its corresponding type declarations.
components/ui/use-toast.ts(1,33): error TS2307: Cannot find module '@/hooks/use-toast' or its corresponding type declarations.
